Started by user [8mha:////4GB0PlxKxNjUN/H0FaVXvgDIJekX94jcj0mk0Ya6DOg6AAAAlx+LCAAAAAAAAP9b85aBtbiIQTGjNKU4P08vOT+vOD8nVc83PyU1x6OyILUoJzMv2y+/JJUBAhiZGBgqihhk0NSjKDWzXb3RdlLBUSYGJk8GtpzUvPSSDB8G5tKinBIGIZ+sxLJE/ZzEvHT94JKizLx0a6BxUmjGOUNodHsLgAzWEgZu/dLi1CL9xJTczDwAj6GcLcAAAAA=[0madmin
Running as SYSTEM
Building in workspace /var/jenkins_home/workspace/Job1
The recommended git tool is: NONE
No credentials specified
Cloning the remote Git repository
Cloning repository https://github.com/Maczmuda/panda_application
 > git init /var/jenkins_home/workspace/Job1 # timeout=10
Fetching upstream changes from https://github.com/Maczmuda/panda_application
 > git --version # timeout=10
 > git --version # 'git version 2.30.2'
 > git fetch --tags --force --progress -- https://github.com/Maczmuda/panda_application +refs/heads/*:refs/remotes/origin/* # timeout=10
 > git config remote.origin.url https://github.com/Maczmuda/panda_application # timeout=10
 > git config --add remote.origin.fetch +refs/heads/*:refs/remotes/origin/* # timeout=10
Avoid second fetch
 > git rev-parse refs/remotes/origin/master^{commit} # timeout=10
Checking out Revision d7acb96dcfe867de56691044b44becd1863e855e (refs/remotes/origin/master)
 > git config core.sparsecheckout # timeout=10
 > git checkout -f d7acb96dcfe867de56691044b44becd1863e855e # timeout=10
Commit message: "Initial version"
First time build. Skipping changelog.
[Job1] $ /var/jenkins_home/tools/hudson.tasks.Maven_MavenInstallation/Maven/bin/mvn -f v -Dv= install
POM file v specified with the -f/--file command line argument does not exist
[INFO] Scanning for projects...
[8mha:////4NcgRu9IMzWGUXoPGA2F1u60wtaMKDKQi6W+LfFLtNF8AAAAYB+LCAAAAAAAAP9b85aBtbiIQSmjNKU4P0+vJLE4u1gvPjexLDVPzxdEuhYV5Rf55Zek1m9pfpLfVWLNxMBQUcQgBdWQnJ9XnJ+TqucMoUEKGSCAEaSwAABqVhoSYAAAAA==[0m[ERROR] [ERROR] Some problems were encountered while processing the POMs:
[FATAL] Non-readable POM /var/jenkins_home/workspace/Job1/v: /var/jenkins_home/workspace/Job1/v (No such file or directory) @ 
 @ 
[8mha:////4NcgRu9IMzWGUXoPGA2F1u60wtaMKDKQi6W+LfFLtNF8AAAAYB+LCAAAAAAAAP9b85aBtbiIQSmjNKU4P0+vJLE4u1gvPjexLDVPzxdEuhYV5Rf55Zek1m9pfpLfVWLNxMBQUcQgBdWQnJ9XnJ+TqucMoUEKGSCAEaSwAABqVhoSYAAAAA==[0m[ERROR] The build could not read 1 project -> [Help 1]
[8mha:////4NcgRu9IMzWGUXoPGA2F1u60wtaMKDKQi6W+LfFLtNF8AAAAYB+LCAAAAAAAAP9b85aBtbiIQSmjNKU4P0+vJLE4u1gvPjexLDVPzxdEuhYV5Rf55Zek1m9pfpLfVWLNxMBQUcQgBdWQnJ9XnJ+TqucMoUEKGSCAEaSwAABqVhoSYAAAAA==[0m[ERROR]   
[8mha:////4NcgRu9IMzWGUXoPGA2F1u60wtaMKDKQi6W+LfFLtNF8AAAAYB+LCAAAAAAAAP9b85aBtbiIQSmjNKU4P0+vJLE4u1gvPjexLDVPzxdEuhYV5Rf55Zek1m9pfpLfVWLNxMBQUcQgBdWQnJ9XnJ+TqucMoUEKGSCAEaSwAABqVhoSYAAAAA==[0m[ERROR]   The project  (/var/jenkins_home/workspace/Job1/v) has 1 error
[8mha:////4NcgRu9IMzWGUXoPGA2F1u60wtaMKDKQi6W+LfFLtNF8AAAAYB+LCAAAAAAAAP9b85aBtbiIQSmjNKU4P0+vJLE4u1gvPjexLDVPzxdEuhYV5Rf55Zek1m9pfpLfVWLNxMBQUcQgBdWQnJ9XnJ+TqucMoUEKGSCAEaSwAABqVhoSYAAAAA==[0m[ERROR]     Non-readable POM /var/jenkins_home/workspace/Job1/v: /var/jenkins_home/workspace/Job1/v (No such file or directory)
[8mha:////4NcgRu9IMzWGUXoPGA2F1u60wtaMKDKQi6W+LfFLtNF8AAAAYB+LCAAAAAAAAP9b85aBtbiIQSmjNKU4P0+vJLE4u1gvPjexLDVPzxdEuhYV5Rf55Zek1m9pfpLfVWLNxMBQUcQgBdWQnJ9XnJ+TqucMoUEKGSCAEaSwAABqVhoSYAAAAA==[0m[ERROR] 
[8mha:////4NcgRu9IMzWGUXoPGA2F1u60wtaMKDKQi6W+LfFLtNF8AAAAYB+LCAAAAAAAAP9b85aBtbiIQSmjNKU4P0+vJLE4u1gvPjexLDVPzxdEuhYV5Rf55Zek1m9pfpLfVWLNxMBQUcQgBdWQnJ9XnJ+TqucMoUEKGSCAEaSwAABqVhoSYAAAAA==[0m[ERROR] To see the full stack trace of the errors, re-run Maven with the -e switch.
[8mha:////4NcgRu9IMzWGUXoPGA2F1u60wtaMKDKQi6W+LfFLtNF8AAAAYB+LCAAAAAAAAP9b85aBtbiIQSmjNKU4P0+vJLE4u1gvPjexLDVPzxdEuhYV5Rf55Zek1m9pfpLfVWLNxMBQUcQgBdWQnJ9XnJ+TqucMoUEKGSCAEaSwAABqVhoSYAAAAA==[0m[ERROR] Re-run Maven using the -X switch to enable full debug logging.
[8mha:////4NcgRu9IMzWGUXoPGA2F1u60wtaMKDKQi6W+LfFLtNF8AAAAYB+LCAAAAAAAAP9b85aBtbiIQSmjNKU4P0+vJLE4u1gvPjexLDVPzxdEuhYV5Rf55Zek1m9pfpLfVWLNxMBQUcQgBdWQnJ9XnJ+TqucMoUEKGSCAEaSwAABqVhoSYAAAAA==[0m[ERROR] 
[8mha:////4NcgRu9IMzWGUXoPGA2F1u60wtaMKDKQi6W+LfFLtNF8AAAAYB+LCAAAAAAAAP9b85aBtbiIQSmjNKU4P0+vJLE4u1gvPjexLDVPzxdEuhYV5Rf55Zek1m9pfpLfVWLNxMBQUcQgBdWQnJ9XnJ+TqucMoUEKGSCAEaSwAABqVhoSYAAAAA==[0m[ERROR] For more information about the errors and possible solutions, please read the following articles:
[8mha:////4NcgRu9IMzWGUXoPGA2F1u60wtaMKDKQi6W+LfFLtNF8AAAAYB+LCAAAAAAAAP9b85aBtbiIQSmjNKU4P0+vJLE4u1gvPjexLDVPzxdEuhYV5Rf55Zek1m9pfpLfVWLNxMBQUcQgBdWQnJ9XnJ+TqucMoUEKGSCAEaSwAABqVhoSYAAAAA==[0m[ERROR] [Help 1] http://cwiki.apache.org/confluence/display/MAVEN/ProjectBuildingException
Build step 'Invoke top-level Maven targets' marked build as failure
Finished: FAILURE
